# JRE version: Java(TM) SE Runtime Environment (8.0_111-b14) (build 1.8.0_111-b14)
# Java VM: Java HotSpot(TM) 64-Bit Server VM (25.111-b14 mixed mode windows-amd64 compressed oops)
Heap:
 PSYoungGen      total 678400K, used 82277K [0x00000000d6000000, 0x0000000100000000, 0x0000000100000000)
  eden space 671744K, 11% used [0x00000000d6000000,0x00000000da9f0d30,0x00000000ff000000)
  from space 6656K, 98% used [0x00000000ff000000,0x00000000ff668a20,0x00000000ff680000)
  to   space 8704K, 0% used [0x00000000ff780000,0x00000000ff780000,0x0000000100000000)
 ParOldGen       total 86016K, used 7080K [0x0000000082000000, 0x0000000087400000, 0x00000000d6000000)
  object space 86016K, 8% used [0x0000000082000000,0x00000000826ea280,0x0000000087400000)
 Metaspace       used 15389K, capacity 15630K, committed 16000K, reserved 1062912K
  class space    used 1591K, capacity 1645K, committed 1664K, reserved 1048576K
GC Heap History (10 events):
Event: 21.573 GC heap before
{Heap before GC invocations=143 (full 0):
 PSYoungGen      total 680448K, used 677324K [0x00000000d6000000, 0x0000000100000000, 0x0000000100000000)
  eden space 672768K, 99% used [0x00000000d6000000,0x00000000ff06e7d8,0x00000000ff100000)
  from space 7680K, 66% used [0x00000000ff880000,0x00000000ffd848e8,0x0000000100000000)
  to   space 7680K, 0% used [0x00000000ff100000,0x00000000ff100000,0x00000000ff880000)
 ParOldGen       total 86016K, used 7072K [0x0000000082000000, 0x0000000087400000, 0x00000000d6000000)
  object space 86016K, 8% used [0x0000000082000000,0x00000000826e8280,0x0000000087400000)
 Metaspace       used 12618K, capacity 12814K, committed 13184K, reserved 1060864K
  class space    used 1234K, capacity 1282K, committed 1408K, reserved 1048576K
Event: 21.574 GC heap after
Heap after GC invocations=143 (full 0):
 PSYoungGen      total 674816K, used 1743K [0x00000000d6000000, 0x0000000100000000, 0x0000000100000000)
  eden space 672768K, 0% used [0x00000000d6000000,0x00000000d6000000,0x00000000ff100000)
  from space 2048K, 85% used [0x00000000ff100000,0x00000000ff2b3cb0,0x00000000ff300000)
  to   space 8192K, 0% used [0x00000000ff800000,0x00000000ff800000,0x0000000100000000)
 ParOldGen       total 86016K, used 7072K [0x0000000082000000, 0x0000000087400000, 0x00000000d6000000)
  object space 86016K, 8% used [0x0000000082000000,0x00000000826e8280,0x0000000087400000)
 Metaspace       used 12618K, capacity 12814K, committed 13184K, reserved 1060864K
  class space    used 1234K, capacity 1282K, committed 1408K, reserved 1048576K
}
Event: 21.727 GC heap before
{Heap before GC invocations=144 (full 0):
 PSYoungGen      total 674816K, used 673990K [0x00000000d6000000, 0x0000000100000000, 0x0000000100000000)
  eden space 672768K, 99% used [0x00000000d6000000,0x00000000ff07de78,0x00000000ff100000)
  from space 2048K, 85% used [0x00000000ff100000,0x00000000ff2b3cb0,0x00000000ff300000)
  to   space 8192K, 0% used [0x00000000ff800000,0x00000000ff800000,0x0000000100000000)
 ParOldGen       total 86016K, used 7072K [0x0000000082000000, 0x0000000087400000, 0x00000000d6000000)
  object space 86016K, 8% used [0x0000000082000000,0x00000000826e8280,0x0000000087400000)
 Metaspace       used 12618K, capacity 12814K, committed 13184K, reserved 1060864K
  class space    used 1234K, capacity 1282K, committed 1408K, reserved 1048576K
Event: 21.729 GC heap after
Heap after GC invocations=144 (full 0):
 PSYoungGen      total 679936K, used 5192K [0x00000000d6000000, 0x0000000100000000, 0x0000000100000000)
  eden space 671744K, 0% used [0x00000000d6000000,0x00000000d6000000,0x00000000ff000000)
  from space 8192K, 63% used [0x00000000ff800000,0x00000000ffd120d0,0x0000000100000000)
  to   space 8192K, 0% used [0x00000000ff000000,0x00000000ff000000,0x00000000ff800000)
 ParOldGen       total 86016K, used 7072K [0x0000000082000000, 0x0000000087400000, 0x00000000d6000000)
  object space 86016K, 8% used [0x0000000082000000,0x00000000826e8280,0x0000000087400000)
 Metaspace       used 12618K, capacity 12814K, committed 13184K, reserved 1060864K
  class space    used 1234K, capacity 1282K, committed 1408K, reserved 1048576K
}
Event: 21.890 GC heap before
{Heap before GC invocations=145 (full 0):
 PSYoungGen      total 679936K, used 675657K [0x00000000d6000000, 0x0000000100000000, 0x0000000100000000)
  eden space 671744K, 99% used [0x00000000d6000000,0x00000000feec06f8,0x00000000ff000000)
  from space 8192K, 63% used [0x00000000ff800000,0x00000000ffd120d0,0x0000000100000000)
  to   space 8192K, 0% used [0x00000000ff000000,0x00000000ff000000,0x00000000ff800000)
 ParOldGen       total 86016K, used 7072K [0x0000000082000000, 0x0000000087400000, 0x00000000d6000000)
  object space 86016K, 8% used [0x0000000082000000,0x00000000826e8280,0x0000000087400000)
 Metaspace       used 12618K, capacity 12814K, committed 13184K, reserved 1060864K
  class space    used 1234K, capacity 1282K, committed 1408K, reserved 1048576K
Event: 21.893 GC heap after
Heap after GC invocations=145 (full 0):
 PSYoungGen      total 679936K, used 5218K [0x00000000d6000000, 0x0000000100000000, 0x0000000100000000)
  eden space 671744K, 0% used [0x00000000d6000000,0x00000000d6000000,0x00000000ff000000)
  from space 8192K, 63% used [0x00000000ff000000,0x00000000ff518ba8,0x00000000ff800000)
  to   space 8192K, 0% used [0x00000000ff800000,0x00000000ff800000,0x0000000100000000)
 ParOldGen       total 86016K, used 7072K [0x0000000082000000, 0x0000000087400000, 0x00000000d6000000)
  object space 86016K, 8% used [0x0000000082000000,0x00000000826e8280,0x0000000087400000)
 Metaspace       used 12618K, capacity 12814K, committed 13184K, reserved 1060864K
  class space    used 1234K, capacity 1282K, committed 1408K, reserved 1048576K
}
Event: 22.054 GC heap before
{Heap before GC invocations=146 (full 0):
 PSYoungGen      total 679936K, used 675622K [0x00000000d6000000, 0x0000000100000000, 0x0000000100000000)
  eden space 671744K, 99% used [0x00000000d6000000,0x00000000feeb0de0,0x00000000ff000000)
  from space 8192K, 63% used [0x00000000ff000000,0x00000000ff518ba8,0x00000000ff800000)
  to   space 8192K, 0% used [0x00000000ff800000,0x00000000ff800000,0x0000000100000000)
 ParOldGen       total 86016K, used 7072K [0x0000000082000000, 0x0000000087400000, 0x00000000d6000000)
  object space 86016K, 8% used [0x0000000082000000,0x00000000826e8280,0x0000000087400000)
 Metaspace       used 12618K, capacity 12814K, committed 13184K, reserved 1060864K
  class space    used 1234K, capacity 1282K, committed 1408K, reserved 1048576K
Event: 22.056 GC heap after
Heap after GC invocations=146 (full 0):
 PSYoungGen      total 679936K, used 5277K [0x00000000d6000000, 0x0000000100000000, 0x0000000100000000)
  eden space 671744K, 0% used [0x00000000d6000000,0x00000000d6000000,0x00000000ff000000)
  from space 8192K, 64% used [0x00000000ff800000,0x00000000ffd27698,0x0000000100000000)
  to   space 8192K, 0% used [0x00000000ff000000,0x00000000ff000000,0x00000000ff800000)
 ParOldGen       total 86016K, used 7072K [0x0000000082000000, 0x0000000087400000, 0x00000000d6000000)
  object space 86016K, 8% used [0x0000000082000000,0x00000000826e8280,0x0000000087400000)
 Metaspace       used 12618K, capacity 12814K, committed 13184K, reserved 1060864K
  class space    used 1234K, capacity 1282K, committed 1408K, reserved 1048576K
}
Event: 22.332 GC heap before
{Heap before GC invocations=147 (full 0):
 PSYoungGen      total 679936K, used 677021K [0x00000000d6000000, 0x0000000100000000, 0x0000000100000000)
  eden space 671744K, 100% used [0x00000000d6000000,0x00000000ff000000,0x00000000ff000000)
  from space 8192K, 64% used [0x00000000ff800000,0x00000000ffd27698,0x0000000100000000)
  to   space 8192K, 0% used [0x00000000ff000000,0x00000000ff000000,0x00000000ff800000)
 ParOldGen       total 86016K, used 7072K [0x0000000082000000, 0x0000000087400000, 0x00000000d6000000)
  object space 86016K, 8% used [0x0000000082000000,0x00000000826e8280,0x0000000087400000)
 Metaspace       used 12663K, capacity 12878K, committed 13184K, reserved 1060864K
  class space    used 1234K, capacity 1282K, committed 1408K, reserved 1048576K
Event: 22.337 GC heap after
Heap after GC invocations=147 (full 0):
 PSYoungGen      total 678400K, used 6562K [0x00000000d6000000, 0x0000000100000000, 0x0000000100000000)
  eden space 671744K, 0% used [0x00000000d6000000,0x00000000d6000000,0x00000000ff000000)
  from space 6656K, 98% used [0x00000000ff000000,0x00000000ff668a20,0x00000000ff680000)
  to   space 8704K, 0% used [0x00000000ff780000,0x00000000ff780000,0x0000000100000000)
 ParOldGen       total 86016K, used 7080K [0x0000000082000000, 0x0000000087400000, 0x00000000d6000000)
  object space 86016K, 8% used [0x0000000082000000,0x00000000826ea280,0x0000000087400000)
 Metaspace       used 12663K, capacity 12878K, committed 13184K, reserved 1060864K
  class space    used 1234K, capacity 1282K, committed 1408K, reserved 1048576K
}

