# JRE version: Java(TM) SE Runtime Environment (8.0_111-b14) (build 1.8.0_111-b14)
# Java VM: Java HotSpot(TM) 64-Bit Server VM (25.111-b14 mixed mode windows-amd64 compressed oops)
Heap:
 PSYoungGen      total 680448K, used 620018K [0x00000000d6000000, 0x0000000100000000, 0x0000000100000000)
  eden space 672768K, 91% used [0x00000000d6000000,0x00000000fbba2858,0x00000000ff100000)
  from space 7680K, 24% used [0x00000000ff100000,0x00000000ff2d9ff0,0x00000000ff880000)
  to   space 7680K, 0% used [0x00000000ff880000,0x00000000ff880000,0x0000000100000000)
 ParOldGen       total 86016K, used 12587K [0x0000000082000000, 0x0000000087400000, 0x00000000d6000000)
  object space 86016K, 14% used [0x0000000082000000,0x0000000082c4ad28,0x0000000087400000)
 Metaspace       used 15462K, capacity 15726K, committed 16128K, reserved 1062912K
  class space    used 1602K, capacity 1677K, committed 1792K, reserved 1048576K
GC Heap History (10 events):
Event: 24.413 GC heap before
{Heap before GC invocations=163 (full 0):
 PSYoungGen      total 646656K, used 644665K [0x00000000d6000000, 0x00000000ffe00000, 0x0000000100000000)
  eden space 641024K, 99% used [0x00000000d6000000,0x00000000fd03f2f8,0x00000000fd200000)
  from space 5632K, 96% used [0x00000000ff880000,0x00000000ffdcf130,0x00000000ffe00000)
  to   space 7680K, 0% used [0x00000000fef00000,0x00000000fef00000,0x00000000ff680000)
 ParOldGen       total 86016K, used 10780K [0x0000000082000000, 0x0000000087400000, 0x00000000d6000000)
  object space 86016K, 12% used [0x0000000082000000,0x0000000082a87290,0x0000000087400000)
 Metaspace       used 12615K, capacity 12814K, committed 13184K, reserved 1060864K
  class space    used 1233K, capacity 1282K, committed 1408K, reserved 1048576K
Event: 24.415 GC heap after
Heap after GC invocations=163 (full 0):
 PSYoungGen      total 616448K, used 5460K [0x00000000d6000000, 0x00000000ff900000, 0x0000000100000000)
  eden space 610816K, 0% used [0x00000000d6000000,0x00000000d6000000,0x00000000fb480000)
  from space 5632K, 96% used [0x00000000fef00000,0x00000000ff455340,0x00000000ff480000)
  to   space 4608K, 0% used [0x00000000ff480000,0x00000000ff480000,0x00000000ff900000)
 ParOldGen       total 86016K, used 10780K [0x0000000082000000, 0x0000000087400000, 0x00000000d6000000)
  object space 86016K, 12% used [0x0000000082000000,0x0000000082a87290,0x0000000087400000)
 Metaspace       used 12615K, capacity 12814K, committed 13184K, reserved 1060864K
  class space    used 1233K, capacity 1282K, committed 1408K, reserved 1048576K
}
Event: 24.576 GC heap before
{Heap before GC invocations=164 (full 0):
 PSYoungGen      total 616448K, used 616217K [0x00000000d6000000, 0x00000000ff900000, 0x0000000100000000)
  eden space 610816K, 99% used [0x00000000d6000000,0x00000000fb4713d0,0x00000000fb480000)
  from space 5632K, 96% used [0x00000000fef00000,0x00000000ff455340,0x00000000ff480000)
  to   space 4608K, 0% used [0x00000000ff480000,0x00000000ff480000,0x00000000ff900000)
 ParOldGen       total 86016K, used 10780K [0x0000000082000000, 0x0000000087400000, 0x00000000d6000000)
  object space 86016K, 12% used [0x0000000082000000,0x0000000082a87290,0x0000000087400000)
 Metaspace       used 12615K, capacity 12814K, committed 13184K, reserved 1060864K
  class space    used 1233K, capacity 1282K, committed 1408K, reserved 1048576K
Event: 24.579 GC heap after
Heap after GC invocations=164 (full 0):
 PSYoungGen      total 673280K, used 3645K [0x00000000d6000000, 0x0000000100000000, 0x0000000100000000)
  eden space 668672K, 0% used [0x00000000d6000000,0x00000000d6000000,0x00000000fed00000)
  from space 4608K, 79% used [0x00000000ff480000,0x00000000ff80f520,0x00000000ff900000)
  to   space 7680K, 0% used [0x00000000fed00000,0x00000000fed00000,0x00000000ff480000)
 ParOldGen       total 86016K, used 12587K [0x0000000082000000, 0x0000000087400000, 0x00000000d6000000)
  object space 86016K, 14% used [0x0000000082000000,0x0000000082c4ad28,0x0000000087400000)
 Metaspace       used 12615K, capacity 12814K, committed 13184K, reserved 1060864K
  class space    used 1233K, capacity 1282K, committed 1408K, reserved 1048576K
}
Event: 24.740 GC heap before
{Heap before GC invocations=165 (full 0):
 PSYoungGen      total 673280K, used 670776K [0x00000000d6000000, 0x0000000100000000, 0x0000000100000000)
  eden space 668672K, 99% used [0x00000000d6000000,0x00000000feb7eb60,0x00000000fed00000)
  from space 4608K, 79% used [0x00000000ff480000,0x00000000ff80f520,0x00000000ff900000)
  to   space 7680K, 0% used [0x00000000fed00000,0x00000000fed00000,0x00000000ff480000)
 ParOldGen       total 86016K, used 12587K [0x0000000082000000, 0x0000000087400000, 0x00000000d6000000)
  object space 86016K, 14% used [0x0000000082000000,0x0000000082c4ad28,0x0000000087400000)
 Metaspace       used 12615K, capacity 12814K, committed 13184K, reserved 1060864K
  class space    used 1233K, capacity 1282K, committed 1408K, reserved 1048576K
Event: 24.742 GC heap after
Heap after GC invocations=165 (full 0):
 PSYoungGen      total 676352K, used 5477K [0x00000000d6000000, 0x0000000100000000, 0x0000000100000000)
  eden space 668672K, 0% used [0x00000000d6000000,0x00000000d6000000,0x00000000fed00000)
  from space 7680K, 71% used [0x00000000fed00000,0x00000000ff259510,0x00000000ff480000)
  to   space 7680K, 0% used [0x00000000ff880000,0x00000000ff880000,0x0000000100000000)
 ParOldGen       total 86016K, used 12587K [0x0000000082000000, 0x0000000087400000, 0x00000000d6000000)
  object space 86016K, 14% used [0x0000000082000000,0x0000000082c4ad28,0x0000000087400000)
 Metaspace       used 12615K, capacity 12814K, committed 13184K, reserved 1060864K
  class space    used 1233K, capacity 1282K, committed 1408K, reserved 1048576K
}
Event: 24.908 GC heap before
{Heap before GC invocations=166 (full 0):
 PSYoungGen      total 676352K, used 671995K [0x00000000d6000000, 0x0000000100000000, 0x0000000100000000)
  eden space 668672K, 99% used [0x00000000d6000000,0x00000000feae59b0,0x00000000fed00000)
  from space 7680K, 71% used [0x00000000fed00000,0x00000000ff259510,0x00000000ff480000)
  to   space 7680K, 0% used [0x00000000ff880000,0x00000000ff880000,0x0000000100000000)
 ParOldGen       total 86016K, used 12587K [0x0000000082000000, 0x0000000087400000, 0x00000000d6000000)
  object space 86016K, 14% used [0x0000000082000000,0x0000000082c4ad28,0x0000000087400000)
 Metaspace       used 12615K, capacity 12814K, committed 13184K, reserved 1060864K
  class space    used 1233K, capacity 1282K, committed 1408K, reserved 1048576K
Event: 24.911 GC heap after
Heap after GC invocations=166 (full 0):
 PSYoungGen      total 680448K, used 5534K [0x00000000d6000000, 0x0000000100000000, 0x0000000100000000)
  eden space 672768K, 0% used [0x00000000d6000000,0x00000000d6000000,0x00000000ff100000)
  from space 7680K, 72% used [0x00000000ff880000,0x00000000ffde7a78,0x0000000100000000)
  to   space 7680K, 0% used [0x00000000ff100000,0x00000000ff100000,0x00000000ff880000)
 ParOldGen       total 86016K, used 12587K [0x0000000082000000, 0x0000000087400000, 0x00000000d6000000)
  object space 86016K, 14% used [0x0000000082000000,0x0000000082c4ad28,0x0000000087400000)
 Metaspace       used 12615K, capacity 12814K, committed 13184K, reserved 1060864K
  class space    used 1233K, capacity 1282K, committed 1408K, reserved 1048576K
}
Event: 25.073 GC heap before
{Heap before GC invocations=167 (full 0):
 PSYoungGen      total 680448K, used 676985K [0x00000000d6000000, 0x0000000100000000, 0x0000000100000000)
  eden space 672768K, 99% used [0x00000000d6000000,0x00000000fefb6c50,0x00000000ff100000)
  from space 7680K, 72% used [0x00000000ff880000,0x00000000ffde7a78,0x0000000100000000)
  to   space 7680K, 0% used [0x00000000ff100000,0x00000000ff100000,0x00000000ff880000)
 ParOldGen       total 86016K, used 12587K [0x0000000082000000, 0x0000000087400000, 0x00000000d6000000)
  object space 86016K, 14% used [0x0000000082000000,0x0000000082c4ad28,0x0000000087400000)
 Metaspace       used 12615K, capacity 12814K, committed 13184K, reserved 1060864K
  class space    used 1233K, capacity 1282K, committed 1408K, reserved 1048576K
Event: 25.074 GC heap after
Heap after GC invocations=167 (full 0):
 PSYoungGen      total 680448K, used 1895K [0x00000000d6000000, 0x0000000100000000, 0x0000000100000000)
  eden space 672768K, 0% used [0x00000000d6000000,0x00000000d6000000,0x00000000ff100000)
  from space 7680K, 24% used [0x00000000ff100000,0x00000000ff2d9ff0,0x00000000ff880000)
  to   space 7680K, 0% used [0x00000000ff880000,0x00000000ff880000,0x0000000100000000)
 ParOldGen       total 86016K, used 12587K [0x0000000082000000, 0x0000000087400000, 0x00000000d6000000)
  object space 86016K, 14% used [0x0000000082000000,0x0000000082c4ad28,0x0000000087400000)
 Metaspace       used 12615K, capacity 12814K, committed 13184K, reserved 1060864K
  class space    used 1233K, capacity 1282K, committed 1408K, reserved 1048576K
}

