# JRE version: Java(TM) SE Runtime Environment (8.0_111-b14) (build 1.8.0_111-b14)
# Java VM: Java HotSpot(TM) 64-Bit Server VM (25.111-b14 mixed mode windows-amd64 compressed oops)
Heap:
 PSYoungGen      total 679424K, used 625123K [0x00000000d6000000, 0x0000000100000000, 0x0000000100000000)
  eden space 670720K, 92% used [0x00000000d6000000,0x00000000fbd0af98,0x00000000fef00000)
  from space 8704K, 63% used [0x00000000fef00000,0x00000000ff46dea0,0x00000000ff780000)
  to   space 8704K, 0% used [0x00000000ff780000,0x00000000ff780000,0x0000000100000000)
 ParOldGen       total 86016K, used 9947K [0x0000000082000000, 0x0000000087400000, 0x00000000d6000000)
  object space 86016K, 11% used [0x0000000082000000,0x00000000829b6ec0,0x0000000087400000)
 Metaspace       used 15462K, capacity 15726K, committed 16128K, reserved 1062912K
  class space    used 1595K, capacity 1677K, committed 1792K, reserved 1048576K
GC Heap History (10 events):
Event: 24.819 GC heap before
{Heap before GC invocations=159 (full 0):
 PSYoungGen      total 679936K, used 671813K [0x00000000d6000000, 0x0000000100000000, 0x0000000100000000)
  eden space 671232K, 99% used [0x00000000d6000000,0x00000000fee41e00,0x00000000fef80000)
  from space 8704K, 21% used [0x00000000ff780000,0x00000000ff94f648,0x0000000100000000)
  to   space 8192K, 0% used [0x00000000fef80000,0x00000000fef80000,0x00000000ff780000)
 ParOldGen       total 86016K, used 9947K [0x0000000082000000, 0x0000000087400000, 0x00000000d6000000)
  object space 86016K, 11% used [0x0000000082000000,0x00000000829b6ec0,0x0000000087400000)
 Metaspace       used 12609K, capacity 12814K, committed 13184K, reserved 1060864K
  class space    used 1231K, capacity 1282K, committed 1408K, reserved 1048576K
Event: 24.820 GC heap after
Heap after GC invocations=159 (full 0):
 PSYoungGen      total 679424K, used 5458K [0x00000000d6000000, 0x0000000100000000, 0x0000000100000000)
  eden space 671232K, 0% used [0x00000000d6000000,0x00000000d6000000,0x00000000fef80000)
  from space 8192K, 66% used [0x00000000fef80000,0x00000000ff4d4950,0x00000000ff780000)
  to   space 8704K, 0% used [0x00000000ff780000,0x00000000ff780000,0x0000000100000000)
 ParOldGen       total 86016K, used 9947K [0x0000000082000000, 0x0000000087400000, 0x00000000d6000000)
  object space 86016K, 11% used [0x0000000082000000,0x00000000829b6ec0,0x0000000087400000)
 Metaspace       used 12609K, capacity 12814K, committed 13184K, reserved 1060864K
  class space    used 1231K, capacity 1282K, committed 1408K, reserved 1048576K
}
Event: 24.968 GC heap before
{Heap before GC invocations=160 (full 0):
 PSYoungGen      total 679424K, used 674918K [0x00000000d6000000, 0x0000000100000000, 0x0000000100000000)
  eden space 671232K, 99% used [0x00000000d6000000,0x00000000fedc4fd0,0x00000000fef80000)
  from space 8192K, 66% used [0x00000000fef80000,0x00000000ff4d4950,0x00000000ff780000)
  to   space 8704K, 0% used [0x00000000ff780000,0x00000000ff780000,0x0000000100000000)
 ParOldGen       total 86016K, used 9947K [0x0000000082000000, 0x0000000087400000, 0x00000000d6000000)
  object space 86016K, 11% used [0x0000000082000000,0x00000000829b6ec0,0x0000000087400000)
 Metaspace       used 12609K, capacity 12814K, committed 13184K, reserved 1060864K
  class space    used 1231K, capacity 1282K, committed 1408K, reserved 1048576K
Event: 24.971 GC heap after
Heap after GC invocations=160 (full 0):
 PSYoungGen      total 679424K, used 1838K [0x00000000d6000000, 0x0000000100000000, 0x0000000100000000)
  eden space 670720K, 0% used [0x00000000d6000000,0x00000000d6000000,0x00000000fef00000)
  from space 8704K, 21% used [0x00000000ff780000,0x00000000ff94ba98,0x0000000100000000)
  to   space 8704K, 0% used [0x00000000fef00000,0x00000000fef00000,0x00000000ff780000)
 ParOldGen       total 86016K, used 9947K [0x0000000082000000, 0x0000000087400000, 0x00000000d6000000)
  object space 86016K, 11% used [0x0000000082000000,0x00000000829b6ec0,0x0000000087400000)
 Metaspace       used 12609K, capacity 12814K, committed 13184K, reserved 1060864K
  class space    used 1231K, capacity 1282K, committed 1408K, reserved 1048576K
}
Event: 25.130 GC heap before
{Heap before GC invocations=161 (full 0):
 PSYoungGen      total 679424K, used 670776K [0x00000000d6000000, 0x0000000100000000, 0x0000000100000000)
  eden space 670720K, 99% used [0x00000000d6000000,0x00000000fed42568,0x00000000fef00000)
  from space 8704K, 21% used [0x00000000ff780000,0x00000000ff94ba98,0x0000000100000000)
  to   space 8704K, 0% used [0x00000000fef00000,0x00000000fef00000,0x00000000ff780000)
 ParOldGen       total 86016K, used 9947K [0x0000000082000000, 0x0000000087400000, 0x00000000d6000000)
  object space 86016K, 11% used [0x0000000082000000,0x00000000829b6ec0,0x0000000087400000)
 Metaspace       used 12609K, capacity 12814K, committed 13184K, reserved 1060864K
  class space    used 1231K, capacity 1282K, committed 1408K, reserved 1048576K
Event: 25.132 GC heap after
Heap after GC invocations=161 (full 0):
 PSYoungGen      total 679424K, used 5509K [0x00000000d6000000, 0x0000000100000000, 0x0000000100000000)
  eden space 670720K, 0% used [0x00000000d6000000,0x00000000d6000000,0x00000000fef00000)
  from space 8704K, 63% used [0x00000000fef00000,0x00000000ff461520,0x00000000ff780000)
  to   space 8704K, 0% used [0x00000000ff780000,0x00000000ff780000,0x0000000100000000)
 ParOldGen       total 86016K, used 9947K [0x0000000082000000, 0x0000000087400000, 0x00000000d6000000)
  object space 86016K, 11% used [0x0000000082000000,0x00000000829b6ec0,0x0000000087400000)
 Metaspace       used 12609K, capacity 12814K, committed 13184K, reserved 1060864K
  class space    used 1231K, capacity 1282K, committed 1408K, reserved 1048576K
}
Event: 25.285 GC heap before
{Heap before GC invocations=162 (full 0):
 PSYoungGen      total 679424K, used 675670K [0x00000000d6000000, 0x0000000100000000, 0x0000000100000000)
  eden space 670720K, 99% used [0x00000000d6000000,0x00000000fee743c8,0x00000000fef00000)
  from space 8704K, 63% used [0x00000000fef00000,0x00000000ff461520,0x00000000ff780000)
  to   space 8704K, 0% used [0x00000000ff780000,0x00000000ff780000,0x0000000100000000)
 ParOldGen       total 86016K, used 9947K [0x0000000082000000, 0x0000000087400000, 0x00000000d6000000)
  object space 86016K, 11% used [0x0000000082000000,0x00000000829b6ec0,0x0000000087400000)
 Metaspace       used 12609K, capacity 12814K, committed 13184K, reserved 1060864K
  class space    used 1231K, capacity 1282K, committed 1408K, reserved 1048576K
Event: 25.287 GC heap after
Heap after GC invocations=162 (full 0):
 PSYoungGen      total 679424K, used 5534K [0x00000000d6000000, 0x0000000100000000, 0x0000000100000000)
  eden space 670720K, 0% used [0x00000000d6000000,0x00000000d6000000,0x00000000fef00000)
  from space 8704K, 63% used [0x00000000ff780000,0x00000000ffce7a78,0x0000000100000000)
  to   space 8704K, 0% used [0x00000000fef00000,0x00000000fef00000,0x00000000ff780000)
 ParOldGen       total 86016K, used 9947K [0x0000000082000000, 0x0000000087400000, 0x00000000d6000000)
  object space 86016K, 11% used [0x0000000082000000,0x00000000829b6ec0,0x0000000087400000)
 Metaspace       used 12609K, capacity 12814K, committed 13184K, reserved 1060864K
  class space    used 1231K, capacity 1282K, committed 1408K, reserved 1048576K
}
Event: 25.443 GC heap before
{Heap before GC invocations=163 (full 0):
 PSYoungGen      total 679424K, used 675099K [0x00000000d6000000, 0x0000000100000000, 0x0000000100000000)
  eden space 670720K, 99% used [0x00000000d6000000,0x00000000feddf1d0,0x00000000fef00000)
  from space 8704K, 63% used [0x00000000ff780000,0x00000000ffce7a78,0x0000000100000000)
  to   space 8704K, 0% used [0x00000000fef00000,0x00000000fef00000,0x00000000ff780000)
 ParOldGen       total 86016K, used 9947K [0x0000000082000000, 0x0000000087400000, 0x00000000d6000000)
  object space 86016K, 11% used [0x0000000082000000,0x00000000829b6ec0,0x0000000087400000)
 Metaspace       used 12609K, capacity 12814K, committed 13184K, reserved 1060864K
  class space    used 1231K, capacity 1282K, committed 1408K, reserved 1048576K
Event: 25.445 GC heap after
Heap after GC invocations=163 (full 0):
 PSYoungGen      total 679424K, used 5559K [0x00000000d6000000, 0x0000000100000000, 0x0000000100000000)
  eden space 670720K, 0% used [0x00000000d6000000,0x00000000d6000000,0x00000000fef00000)
  from space 8704K, 63% used [0x00000000fef00000,0x00000000ff46dea0,0x00000000ff780000)
  to   space 8704K, 0% used [0x00000000ff780000,0x00000000ff780000,0x0000000100000000)
 ParOldGen       total 86016K, used 9947K [0x0000000082000000, 0x0000000087400000, 0x00000000d6000000)
  object space 86016K, 11% used [0x0000000082000000,0x00000000829b6ec0,0x0000000087400000)
 Metaspace       used 12609K, capacity 12814K, committed 13184K, reserved 1060864K
  class space    used 1231K, capacity 1282K, committed 1408K, reserved 1048576K
}

