# JRE version: Java(TM) SE Runtime Environment (8.0_111-b14) (build 1.8.0_111-b14)
# Java VM: Java HotSpot(TM) 64-Bit Server VM (25.111-b14 mixed mode windows-amd64 compressed oops)
Heap:
 PSYoungGen      total 677376K, used 451955K [0x00000000d6000000, 0x0000000100000000, 0x0000000100000000)
  eden space 669184K, 67% used [0x00000000d6000000,0x00000000f1782730,0x00000000fed80000)
  from space 8192K, 23% used [0x00000000fed80000,0x00000000fef5a7a8,0x00000000ff580000)
  to   space 8192K, 0% used [0x00000000ff800000,0x00000000ff800000,0x0000000100000000)
 ParOldGen       total 86016K, used 13309K [0x0000000082000000, 0x0000000087400000, 0x00000000d6000000)
  object space 86016K, 15% used [0x0000000082000000,0x0000000082cff630,0x0000000087400000)
 Metaspace       used 15451K, capacity 15726K, committed 16128K, reserved 1062912K
  class space    used 1593K, capacity 1677K, committed 1792K, reserved 1048576K
GC Heap History (10 events):
Event: 24.315 GC heap before
{Heap before GC invocations=159 (full 0):
 PSYoungGen      total 679424K, used 672712K [0x00000000d6000000, 0x0000000100000000, 0x0000000100000000)
  eden space 671744K, 99% used [0x00000000d6000000,0x00000000fef22028,0x00000000ff000000)
  from space 7680K, 24% used [0x00000000ff880000,0x00000000ffa4ffd8,0x0000000100000000)
  to   space 8192K, 0% used [0x00000000ff000000,0x00000000ff000000,0x00000000ff800000)
 ParOldGen       total 86016K, used 9658K [0x0000000082000000, 0x0000000087400000, 0x00000000d6000000)
  object space 86016K, 11% used [0x0000000082000000,0x000000008296ea88,0x0000000087400000)
 Metaspace       used 12613K, capacity 12814K, committed 13184K, reserved 1060864K
  class space    used 1230K, capacity 1282K, committed 1408K, reserved 1048576K
Event: 24.317 GC heap after
Heap after GC invocations=159 (full 0):
 PSYoungGen      total 679936K, used 5465K [0x00000000d6000000, 0x0000000100000000, 0x0000000100000000)
  eden space 671744K, 0% used [0x00000000d6000000,0x00000000d6000000,0x00000000ff000000)
  from space 8192K, 66% used [0x00000000ff000000,0x00000000ff556600,0x00000000ff800000)
  to   space 8192K, 0% used [0x00000000ff800000,0x00000000ff800000,0x0000000100000000)
 ParOldGen       total 86016K, used 9658K [0x0000000082000000, 0x0000000087400000, 0x00000000d6000000)
  object space 86016K, 11% used [0x0000000082000000,0x000000008296ea88,0x0000000087400000)
 Metaspace       used 12613K, capacity 12814K, committed 13184K, reserved 1060864K
  class space    used 1230K, capacity 1282K, committed 1408K, reserved 1048576K
}
Event: 24.465 GC heap before
{Heap before GC invocations=160 (full 0):
 PSYoungGen      total 679936K, used 675812K [0x00000000d6000000, 0x0000000100000000, 0x0000000100000000)
  eden space 671744K, 99% used [0x00000000d6000000,0x00000000feea2cd0,0x00000000ff000000)
  from space 8192K, 66% used [0x00000000ff000000,0x00000000ff556600,0x00000000ff800000)
  to   space 8192K, 0% used [0x00000000ff800000,0x00000000ff800000,0x0000000100000000)
 ParOldGen       total 86016K, used 9658K [0x0000000082000000, 0x0000000087400000, 0x00000000d6000000)
  object space 86016K, 11% used [0x0000000082000000,0x000000008296ea88,0x0000000087400000)
 Metaspace       used 12613K, capacity 12814K, committed 13184K, reserved 1060864K
  class space    used 1230K, capacity 1282K, committed 1408K, reserved 1048576K
Event: 24.466 GC heap after
Heap after GC invocations=160 (full 0):
 PSYoungGen      total 679936K, used 1873K [0x00000000d6000000, 0x0000000100000000, 0x0000000100000000)
  eden space 671744K, 0% used [0x00000000d6000000,0x00000000d6000000,0x00000000ff000000)
  from space 8192K, 22% used [0x00000000ff800000,0x00000000ff9d4420,0x0000000100000000)
  to   space 8192K, 0% used [0x00000000ff000000,0x00000000ff000000,0x00000000ff800000)
 ParOldGen       total 86016K, used 9658K [0x0000000082000000, 0x0000000087400000, 0x00000000d6000000)
  object space 86016K, 11% used [0x0000000082000000,0x000000008296ea88,0x0000000087400000)
 Metaspace       used 12613K, capacity 12814K, committed 13184K, reserved 1060864K
  class space    used 1230K, capacity 1282K, committed 1408K, reserved 1048576K
}
Event: 24.620 GC heap before
{Heap before GC invocations=161 (full 0):
 PSYoungGen      total 679936K, used 671700K [0x00000000d6000000, 0x0000000100000000, 0x0000000100000000)
  eden space 671744K, 99% used [0x00000000d6000000,0x00000000fee20c90,0x00000000ff000000)
  from space 8192K, 22% used [0x00000000ff800000,0x00000000ff9d4420,0x0000000100000000)
  to   space 8192K, 0% used [0x00000000ff000000,0x00000000ff000000,0x00000000ff800000)
 ParOldGen       total 86016K, used 9658K [0x0000000082000000, 0x0000000087400000, 0x00000000d6000000)
  object space 86016K, 11% used [0x0000000082000000,0x000000008296ea88,0x0000000087400000)
 Metaspace       used 12613K, capacity 12814K, committed 13184K, reserved 1060864K
  class space    used 1230K, capacity 1282K, committed 1408K, reserved 1048576K
Event: 24.622 GC heap after
Heap after GC invocations=161 (full 0):
 PSYoungGen      total 645632K, used 5516K [0x00000000d6000000, 0x00000000ff880000, 0x0000000100000000)
  eden space 640000K, 0% used [0x00000000d6000000,0x00000000d6000000,0x00000000fd100000)
  from space 5632K, 97% used [0x00000000ff000000,0x00000000ff5631b8,0x00000000ff580000)
  to   space 3072K, 0% used [0x00000000ff580000,0x00000000ff580000,0x00000000ff880000)
 ParOldGen       total 86016K, used 9658K [0x0000000082000000, 0x0000000087400000, 0x00000000d6000000)
  object space 86016K, 11% used [0x0000000082000000,0x000000008296ea88,0x0000000087400000)
 Metaspace       used 12613K, capacity 12814K, committed 13184K, reserved 1060864K
  class space    used 1230K, capacity 1282K, committed 1408K, reserved 1048576K
}
Event: 24.772 GC heap before
{Heap before GC invocations=162 (full 0):
 PSYoungGen      total 645632K, used 645195K [0x00000000d6000000, 0x00000000ff880000, 0x0000000100000000)
  eden space 640000K, 99% used [0x00000000d6000000,0x00000000fd0afc80,0x00000000fd100000)
  from space 5632K, 97% used [0x00000000ff000000,0x00000000ff5631b8,0x00000000ff580000)
  to   space 3072K, 0% used [0x00000000ff580000,0x00000000ff580000,0x00000000ff880000)
 ParOldGen       total 86016K, used 9658K [0x0000000082000000, 0x0000000087400000, 0x00000000d6000000)
  object space 86016K, 11% used [0x0000000082000000,0x000000008296ea88,0x0000000087400000)
 Metaspace       used 12613K, capacity 12814K, committed 13184K, reserved 1060864K
  class space    used 1230K, capacity 1282K, committed 1408K, reserved 1048576K
Event: 24.778 GC heap after
Heap after GC invocations=162 (full 0):
 PSYoungGen      total 672256K, used 1889K [0x00000000d6000000, 0x0000000100000000, 0x0000000100000000)
  eden space 669184K, 0% used [0x00000000d6000000,0x00000000d6000000,0x00000000fed80000)
  from space 3072K, 61% used [0x00000000ff580000,0x00000000ff7585e0,0x00000000ff880000)
  to   space 8192K, 0% used [0x00000000fed80000,0x00000000fed80000,0x00000000ff580000)
 ParOldGen       total 86016K, used 13309K [0x0000000082000000, 0x0000000087400000, 0x00000000d6000000)
  object space 86016K, 15% used [0x0000000082000000,0x0000000082cff630,0x0000000087400000)
 Metaspace       used 12613K, capacity 12814K, committed 13184K, reserved 1060864K
  class space    used 1230K, capacity 1282K, committed 1408K, reserved 1048576K
}
Event: 24.934 GC heap before
{Heap before GC invocations=163 (full 0):
 PSYoungGen      total 672256K, used 670300K [0x00000000d6000000, 0x0000000100000000, 0x0000000100000000)
  eden space 669184K, 99% used [0x00000000d6000000,0x00000000fecbec70,0x00000000fed80000)
  from space 3072K, 61% used [0x00000000ff580000,0x00000000ff7585e0,0x00000000ff880000)
  to   space 8192K, 0% used [0x00000000fed80000,0x00000000fed80000,0x00000000ff580000)
 ParOldGen       total 86016K, used 13309K [0x0000000082000000, 0x0000000087400000, 0x00000000d6000000)
  object space 86016K, 15% used [0x0000000082000000,0x0000000082cff630,0x0000000087400000)
 Metaspace       used 12613K, capacity 12814K, committed 13184K, reserved 1060864K
  class space    used 1230K, capacity 1282K, committed 1408K, reserved 1048576K
Event: 24.936 GC heap after
Heap after GC invocations=163 (full 0):
 PSYoungGen      total 677376K, used 1897K [0x00000000d6000000, 0x0000000100000000, 0x0000000100000000)
  eden space 669184K, 0% used [0x00000000d6000000,0x00000000d6000000,0x00000000fed80000)
  from space 8192K, 23% used [0x00000000fed80000,0x00000000fef5a7a8,0x00000000ff580000)
  to   space 8192K, 0% used [0x00000000ff800000,0x00000000ff800000,0x0000000100000000)
 ParOldGen       total 86016K, used 13309K [0x0000000082000000, 0x0000000087400000, 0x00000000d6000000)
  object space 86016K, 15% used [0x0000000082000000,0x0000000082cff630,0x0000000087400000)
 Metaspace       used 12613K, capacity 12814K, committed 13184K, reserved 1060864K
  class space    used 1230K, capacity 1282K, committed 1408K, reserved 1048576K
}

